<?xml version="1.0" encoding="UTF-8"?>
<!-- Generated by org.testng.reporters.JUnitXMLReporter -->
<testsuite ignored="0" hostname="Digvijay" failures="1" tests="1" name="Test" time="18.777" errors="0" timestamp="2025-07-06T16:03:28 IST">
  <testcase classname="testCases.TC01_AccountLoginTest" name="Verify_Account_Registartion" time="10.771">
    <failure type="java.lang.AssertionError" message="expected [Helloo, digvijay] but found [Hello, digvijay]">
      <![CDATA[java.lang.AssertionError: expected [Helloo, digvijay] but found [Hello, digvijay]
at testCases.TC01_AccountLoginTest.Verify_Account_Registartion(TC01_AccountLoginTest.java:42)
at java.base/java.util.ArrayList.forEach(ArrayList.java:1596)
... Removed 31 stack frames]]>
    </failure>
  </testcase> <!-- Verify_Account_Registartion -->
</testsuite> <!-- Test -->
