<?xml version="1.0" encoding="UTF-8"?>
<!-- Generated by org.testng.reporters.JUnitXMLReporter -->
<testsuite ignored="0" hostname="Digvijay" failures="4" tests="6" name="Test" time="699.207" errors="0" timestamp="2025-07-06T17:12:33 IST">
  <testcase classname="testCases.TC01_AccountLoginTest" name="Verify_Account_Registartion" time="10.34"/>
  <testcase classname="testCases.TC02_AccountLoginUsingDataProvider" name="Verify_LoginAccountUsingDataProvider" time="187.371"/>
  <testcase classname="testCases.TC02_AccountLoginUsingDataProvider" name="Verify_LoginAccountUsingDataProvider" time="180.016">
    <failure type="java.lang.AssertionError" message="null">
      <![CDATA[java.lang.AssertionError: null
at testCases.TC02_AccountLoginUsingDataProvider.Verify_LoginAccountUsingDataProvider(TC02_AccountLoginUsingDataProvider.java:84)
at java.base/java.util.ArrayList.forEach(ArrayList.java:1596)
... Removed 27 stack frames]]>
    </failure>
  </testcase> <!-- Verify_LoginAccountUsingDataProvider -->
  <testcase classname="testCases.TC02_AccountLoginUsingDataProvider" name="Verify_LoginAccountUsingDataProvider" time="127.971">
    <failure type="java.lang.AssertionError" message="null">
      <![CDATA[java.lang.AssertionError: null
at testCases.TC02_AccountLoginUsingDataProvider.Verify_LoginAccountUsingDataProvider(TC02_AccountLoginUsingDataProvider.java:84)
at java.base/java.util.ArrayList.forEach(ArrayList.java:1596)
... Removed 27 stack frames]]>
    </failure>
  </testcase> <!-- Verify_LoginAccountUsingDataProvider -->
  <testcase classname="testCases.TC02_AccountLoginUsingDataProvider" name="Verify_LoginAccountUsingDataProvider" time="0.011">
    <failure type="java.lang.AssertionError" message="null">
      <![CDATA[java.lang.AssertionError: null
at testCases.TC02_AccountLoginUsingDataProvider.Verify_LoginAccountUsingDataProvider(TC02_AccountLoginUsingDataProvider.java:84)
at java.base/java.util.ArrayList.forEach(ArrayList.java:1596)
... Removed 27 stack frames]]>
    </failure>
  </testcase> <!-- Verify_LoginAccountUsingDataProvider -->
  <testcase classname="testCases.TC02_AccountLoginUsingDataProvider" name="Verify_LoginAccountUsingDataProvider" time="0.013">
    <failure type="java.lang.AssertionError" message="null">
      <![CDATA[java.lang.AssertionError: null
at testCases.TC02_AccountLoginUsingDataProvider.Verify_LoginAccountUsingDataProvider(TC02_AccountLoginUsingDataProvider.java:84)
at java.base/java.util.ArrayList.forEach(ArrayList.java:1596)
... Removed 27 stack frames]]>
    </failure>
  </testcase> <!-- Verify_LoginAccountUsingDataProvider -->
</testsuite> <!-- Test -->
