<?xml version="1.0" encoding="UTF-8"?>
<testng-results ignored="0" total="1" passed="1" failed="0" skipped="0">
  <reporter-output>
  </reporter-output>
  <suite started-at="2025-07-06T19:10:26 IST" name="Suite" finished-at="2025-07-06T19:10:47 IST" duration-ms="20392">
    <groups>
      <group name="Master">
        <method signature="TC01_AccountLoginTest.Verify_Account_Registartion()[pri:0, instance:testCases.TC01_AccountLoginTest@1c32386d]" name="Verify_Account_Registartion" class="testCases.TC01_AccountLoginTest"/>
      </group> <!-- Master -->
      <group name="sanity">
        <method signature="TC01_AccountLoginTest.Verify_Account_Registartion()[pri:0, instance:testCases.TC01_AccountLoginTest@1c32386d]" name="Verify_Account_Registartion" class="testCases.TC01_AccountLoginTest"/>
      </group> <!-- sanity -->
    </groups>
    <test started-at="2025-07-06T19:10:26 IST" name="Test" finished-at="2025-07-06T19:10:47 IST" duration-ms="20392">
      <class name="testCases.TC01_AccountLoginTest">
        <test-method is-config="true" signature="setup(java.lang.String,java.lang.String)[pri:0, instance:testCases.TC01_AccountLoginTest@1c32386d]" started-at="2025-07-06T19:10:27 IST" name="setup" finished-at="2025-07-06T19:10:33 IST" duration-ms="6601" status="PASS">
          <params>
            <param index="0">
              <value>
                <![CDATA[windows]]>
              </value>
            </param>
            <param index="1">
              <value>
                <![CDATA[chrome]]>
              </value>
            </param>
          </params>
          <reporter-output>
          </reporter-output>
        </test-method> <!-- setup -->
        <test-method signature="Verify_Account_Registartion()[pri:0, instance:testCases.TC01_AccountLoginTest@1c32386d]" started-at="2025-07-06T19:10:34 IST" name="Verify_Account_Registartion" finished-at="2025-07-06T19:10:46 IST" duration-ms="11798" status="PASS">
          <reporter-output>
          </reporter-output>
        </test-method> <!-- Verify_Account_Registartion -->
        <test-method is-config="true" signature="tearDown()[pri:0, instance:testCases.TC01_AccountLoginTest@1c32386d]" started-at="2025-07-06T19:10:46 IST" name="tearDown" finished-at="2025-07-06T19:10:47 IST" duration-ms="1107" status="PASS">
          <reporter-output>
          </reporter-output>
        </test-method> <!-- tearDown -->
      </class> <!-- testCases.TC01_AccountLoginTest -->
    </test> <!-- Test -->
  </suite> <!-- Suite -->
</testng-results>
