<?xml version="1.0" encoding="UTF-8"?>
<!-- Generated by org.testng.reporters.JUnitXMLReporter -->
<testsuite ignored="1" hostname="Digvijay" failures="1" tests="1" name="Test" time="0.04" errors="0" timestamp="2025-07-06T11:59:13 IST">
  <testcase classname="testCases.TC01_AccountLoginTest" name="Verify_Account_Registartion" time="0.006">
    <failure type="java.lang.NullPointerException" message="Cannot invoke &amp;quot;org.apache.logging.log4j.Logger.info(String)&amp;quot; because &amp;quot;this.logger&amp;quot; is null">
      <![CDATA[java.lang.NullPointerException: Cannot invoke "org.apache.logging.log4j.Logger.info(String)" because "this.logger" is null
at testCases.TC01_AccountLoginTest.Verify_Account_Registartion(TC01_AccountLoginTest.java:16)
at java.base/java.util.ArrayList.forEach(ArrayList.java:1596)
... Removed 25 stack frames]]>
    </failure>
  </testcase> <!-- Verify_Account_Registartion -->
  <testcase classname="testCases.TC02_AccountLoginUsingDataProvider" name="Verify_LoginAccountUsingDataProvider" time="0.0">
    <ignored/>
  </testcase> <!-- Verify_LoginAccountUsingDataProvider -->
</testsuite> <!-- Test -->
